<?xml version="1.0" encoding="UTF-8"?>
<!-- Generated by org.testng.reporters.JUnitXMLReporter -->
<testsuite hostname="SivaRajeshValluri" ignored="0" name="Default test" tests="3" failures="0" timestamp="08 Aug 2021 04:32:48 GMT" time="17.775" errors="0">
  <testcase name="openurl" time="7.193" classname="org.magnitia.testng.Testngwithselenium"/>
  <testcase name="clickmyaccount" time="2.556" classname="org.magnitia.testng.Testngwithselenium"/>
  <testcase name="login" time="1.746" classname="org.magnitia.testng.Testngwithselenium"/>
</testsuite> <!-- Default test -->
